<?xml version="1.0" encoding="UTF-8"?>
<!-- Generated by org.testng.reporters.JUnitXMLReporter -->
<testsuite ignored="0" hostname="BSC-PG02TQLQ" failures="0" tests="2" name="DepositFundTest" time="6.311" errors="0" timestamp="2022-06-13T19:45:34 IST">
  <testcase classname="frontEndTesting.DepositFundTest" name="depositFundInPrimaryAccount" time="1.876"/>
  <testcase classname="frontEndTesting.DepositFundTest" name="depositFundInSavingAccount" time="1.447"/>
</testsuite> <!-- DepositFundTest -->
