<?xml version="1.0" encoding="UTF-8"?>
<!-- Generated by org.testng.reporters.JUnitXMLReporter -->
<testsuite ignored="0" hostname="BSC-PG02TQLQ" failures="0" tests="3" name="TransferFundTest" time="13.082" errors="0" timestamp="2022-06-13T19:45:51 IST">
  <testcase classname="frontEndTesting.TransferFundTest" name="transferFund" time="3.682"/>
  <testcase classname="frontEndTesting.TransferFundTest" name="transferFundGreaterThanBalance" time="3.121"/>
  <testcase classname="frontEndTesting.TransferFundTest" name="transferFundWithIncorrectAccountNumber" time="3.068"/>
</testsuite> <!-- TransferFundTest -->
