<?xml version="1.0" encoding="UTF-8"?>
<!-- Generated by org.testng.reporters.JUnitXMLReporter -->
<testsuite ignored="0" hostname="BSC-PG02TQLQ" failures="0" tests="4" name="WithdrawFundTest" time="10.266" errors="0" timestamp="2022-06-13T19:46:01 IST">
  <testcase classname="frontEndTesting.WithdrawFundTest" name="withdrawFundInPrimaryAccount" time="1.829"/>
  <testcase classname="frontEndTesting.WithdrawFundTest" name="withdrawFundInSavingAccount" time="1.462"/>
  <testcase classname="frontEndTesting.WithdrawFundTest" name="withdrawingAmountGreaterThanCurrentAmounForPrimaryAccount" time="1.257"/>
  <testcase classname="frontEndTesting.WithdrawFundTest" name="withdrawingAmountGreaterThanCurrentAmounForSavingsAccount" time="2.555"/>
</testsuite> <!-- WithdrawFundTest -->
